
=== Fri Sep 21 10:53:47 2018

Packages were changed.
Update Mode: updateDependencies

The following packages were added:
  com.unity.collab-proxy@1.2.9
The following packages were updated:
  com.unity.analytics from version 2.0.16 to 3.0.9
  com.unity.package-manager-ui from version 1.9.11 to 2.0.0-preview.7
  com.unity.textmeshpro from version 1.2.4 to 1.3.0

=== Thu Oct 18 10:57:17 2018

Packages were changed.
Update Mode: updateDependencies

The following packages were updated:
  com.unity.package-manager-ui from version 2.0.0-preview.7 to 2.0.1

=== Sun Mar 10 16:51:20 2019

Packages were changed.
Update Mode: updateDependencies

The following packages were updated:
  com.unity.package-manager-ui from version 2.0.2 to 2.0.3

=== Wed May  1 14:27:08 2019

Packages were changed.
Update Mode: updateDependencies

The following packages were added:
  com.unity.timeline@1.0.0
  com.unity.multiplayer-hlapi@1.0.2
  com.unity.xr.legacyinputhelpers@2.0.2
The following packages were updated:
  com.unity.package-manager-ui from version 2.0.7 to 2.1.2
  com.unity.textmeshpro from version 1.3.0 to 2.0.0
